[INFO ] 2017-10-20 12:15:48:647 [main] GameManager - Adding questions to the game.
[INFO ] 2017-10-20 12:15:48:649 [main] GameManager - Adding answers to the game.
[INFO ] 2017-10-20 12:15:48:649 [main] GameManager - Starting game engine.
[DEBUG] 2017-10-20 12:15:48:649 [main] GameManager - Writing welcome message.
[INFO ] 2017-10-20 12:25:17:948 [main] GameManager - Adding com.questions to the game.
[INFO ] 2017-10-20 12:25:17:963 [main] GameManager - Adding answers to the game.
[INFO ] 2017-10-20 12:25:17:963 [main] GameManager - Starting game engine.
[DEBUG] 2017-10-20 12:25:17:963 [main] GameManager - Writing welcome message.
[INFO ] 2017-10-20 12:26:38:215 [main] GameManager - Adding com.questions to the game.
[INFO ] 2017-10-20 12:26:38:253 [main] GameManager - Adding answers to the game.
[INFO ] 2017-10-20 12:26:38:253 [main] GameManager - Starting game engine.
[DEBUG] 2017-10-20 12:26:38:253 [main] GameManager - Writing welcome message.
[INFO ] 2017-10-20 12:27:49:134 [main] GameManager - Adding com.questions to the game.
[INFO ] 2017-10-20 12:27:49:138 [main] GameManager - Adding answers to the game.
[INFO ] 2017-10-20 12:27:49:138 [main] GameManager - Starting game engine.
[DEBUG] 2017-10-20 12:27:49:138 [main] GameManager - Writing welcome message.
[INFO ] 2017-10-20 12:28:03:371 [main] GameManager - Adding com.questions to the game.
[INFO ] 2017-10-20 12:28:03:374 [main] GameManager - Adding answers to the game.
[INFO ] 2017-10-20 12:28:03:374 [main] GameManager - Starting game engine.
[DEBUG] 2017-10-20 12:28:03:374 [main] GameManager - Writing welcome message.
[INFO ] 2017-10-20 12:28:53:022 [main] GameManager - Adding com.questions to the game.
[INFO ] 2017-10-20 12:28:53:027 [main] GameManager - Adding answers to the game.
[INFO ] 2017-10-20 12:28:53:027 [main] GameManager - Starting game engine.
[DEBUG] 2017-10-20 12:28:53:027 [main] GameManager - Writing welcome message.
[INFO ] 2017-10-20 12:30:09:107 [main] GameManager - Adding com.questions to the game.
[INFO ] 2017-10-20 12:30:09:112 [main] GameManager - Adding answers to the game.
[INFO ] 2017-10-20 12:30:09:112 [main] GameManager - Starting game engine.
[DEBUG] 2017-10-20 12:30:09:112 [main] GameManager - Writing welcome message.
[INFO ] 2017-10-20 12:33:39:279 [main] GameManager - Adding com.questions to the game.
[INFO ] 2017-10-20 12:33:39:285 [main] GameManager - Adding answers to the game.
[INFO ] 2017-10-20 12:33:39:285 [main] GameManager - Starting game engine.
[DEBUG] 2017-10-20 12:33:39:285 [main] GameManager - Writing welcome message.
[INFO ] 2017-10-20 12:35:19:311 [main] GameManager - Adding questions to the game.
[INFO ] 2017-10-20 12:35:19:315 [main] GameManager - Adding answers to the game.
[INFO ] 2017-10-20 12:35:19:315 [main] GameManager - Starting game engine.
[DEBUG] 2017-10-20 12:35:19:315 [main] GameManager - Writing welcome message.
[INFO ] 2017-10-20 18:37:29:924 [main] Question - Parsing questions
[INFO ] 2017-10-20 18:37:29:927 [main] Question - Parsing questions
[INFO ] 2017-10-20 18:37:29:927 [main] Question - Parsing questions
[INFO ] 2017-10-20 18:37:29:927 [main] Question - Parsing questions
[INFO ] 2017-10-20 18:37:29:928 [main] Question - Parsing questions
[INFO ] 2017-10-20 18:37:29:928 [main] Question - Parsing questions
[INFO ] 2017-10-20 18:37:29:928 [main] Question - Parsing questions
[INFO ] 2017-10-20 18:37:29:928 [main] Question - Parsing questions
[INFO ] 2017-10-20 18:37:29:928 [main] Question - Parsing questions
[INFO ] 2017-10-20 18:37:29:928 [main] Question - Parsing questions
[INFO ] 2017-10-20 18:37:29:928 [main] Question - Parsing questions
[INFO ] 2017-10-20 18:37:29:929 [main] Question - Parsing questions
[INFO ] 2017-10-20 18:37:29:929 [main] Question - Parsing questions
[INFO ] 2017-10-20 18:37:29:929 [main] Question - Parsing questions
[INFO ] 2017-10-20 18:37:29:929 [main] Question - Parsing questions
[INFO ] 2017-10-20 18:37:29:929 [main] GameManager - Adding questions to the game.
[INFO ] 2017-10-20 18:37:29:931 [main] GameManager - Adding answers to the game.
[INFO ] 2017-10-20 18:37:29:932 [main] GameManager - Starting game engine.
[DEBUG] 2017-10-20 18:37:29:932 [main] GameManager - Writing welcome message.
[DEBUG] 2017-10-20 18:39:39:263 [main] GameManager - 1
[DEBUG] 2017-10-20 18:39:45:023 [main] GameManager - Is the submitted answer correct: false
[DEBUG] 2017-10-20 18:39:45:023 [main] GameManager - Is the submitted answer the correct size: false
[INFO ] 2017-10-20 19:08:11:889 [main] Question - Parsing questions
[INFO ] 2017-10-20 19:08:11:890 [main] Question - Parsing questions
[INFO ] 2017-10-20 19:08:11:891 [main] Question - Parsing questions
[INFO ] 2017-10-20 19:08:11:891 [main] Question - Parsing questions
[INFO ] 2017-10-20 19:08:11:891 [main] Question - Parsing questions
[INFO ] 2017-10-20 19:08:11:891 [main] Question - Parsing questions
[INFO ] 2017-10-20 19:08:11:891 [main] Question - Parsing questions
[INFO ] 2017-10-20 19:08:11:891 [main] Question - Parsing questions
[INFO ] 2017-10-20 19:08:11:891 [main] Question - Parsing questions
[INFO ] 2017-10-20 19:08:11:891 [main] Question - Parsing questions
[INFO ] 2017-10-20 19:08:11:891 [main] Question - Parsing questions
[INFO ] 2017-10-20 19:08:11:891 [main] Question - Parsing questions
[INFO ] 2017-10-20 19:08:11:891 [main] Question - Parsing questions
[INFO ] 2017-10-20 19:08:11:891 [main] Question - Parsing questions
[INFO ] 2017-10-20 19:08:11:892 [main] Question - Parsing questions
[INFO ] 2017-10-20 19:08:11:892 [main] GameManager - Adding questions to the game.
[INFO ] 2017-10-20 19:08:11:893 [main] GameManager - Adding answers to the game.
[INFO ] 2017-10-20 19:08:11:893 [main] GameManager - Starting game engine.
[DEBUG] 2017-10-20 19:08:11:893 [main] GameManager - Writing welcome message.
[DEBUG] 2017-10-20 19:08:18:901 [main] GameManager - 1
[DEBUG] 2017-10-20 19:08:21:840 [main] GameManager - Is the submitted answer correct: true
[DEBUG] 2017-10-20 19:08:21:841 [main] GameManager - Is the submitted answer the correct size: false
[DEBUG] 2017-10-20 19:08:26:917 [main] GameManager - Starting game over.
[DEBUG] 2017-10-20 19:08:30:308 [main] GameManager - 7
[DEBUG] 2017-10-20 19:08:38:376 [main] GameManager - Is the submitted answer correct: false
[DEBUG] 2017-10-20 19:08:38:377 [main] GameManager - Is the submitted answer the correct size: true
